nohup: ignoring input
[[1;34mINFO[m] Scanning for projects...
[[1;34mINFO[m] 
[[1;34mINFO[m] [1m------< [0;36mcom.example:handling-post-put-and-delete-with-fetch-api[0;1m >-------[m
[[1;34mINFO[m] [1mBuilding handling-post-put-and-delete-with-fetch-api 0.0.1-SNAPSHOT[m
[[1;34mINFO[m] [1m--------------------------------[ jar ]---------------------------------[m
[[1;34mINFO[m] 
[[1;34mINFO[m] [1m>>> [0;32mspring-boot-maven-plugin:3.3.5:run[m [1m(default-cli)[0;1m > [0;1mtest-compile[m @ [36mhandling-post-put-and-delete-with-fetch-api[0;1m >>>[m
[[1;34mINFO[m] 
[[1;34mINFO[m] [1m--- [0;32mmaven-resources-plugin:3.3.1:resources[m [1m(default-resources)[m @ [36mhandling-post-put-and-delete-with-fetch-api[0;1m ---[m
[[1;34mINFO[m] Copying 1 resource from src/main/resources to target/classes
[[1;34mINFO[m] Copying 0 resource from src/main/resources to target/classes
[[1;34mINFO[m] 
[[1;34mINFO[m] [1m--- [0;32mmaven-compiler-plugin:3.13.0:compile[m [1m(default-compile)[m @ [36mhandling-post-put-and-delete-with-fetch-api[0;1m ---[m
[[1;34mINFO[m] Nothing to compile - all classes are up to date.
[[1;34mINFO[m] 
[[1;34mINFO[m] [1m--- [0;32mmaven-resources-plugin:3.3.1:testResources[m [1m(default-testResources)[m @ [36mhandling-post-put-and-delete-with-fetch-api[0;1m ---[m
[[1;34mINFO[m] skip non existing resourceDirectory /home/coder/coursera/IdeaProjects/crud-operation-on-shopping-cart/src/test/resources
[[1;34mINFO[m] 
[[1;34mINFO[m] [1m--- [0;32mmaven-compiler-plugin:3.13.0:testCompile[m [1m(default-testCompile)[m @ [36mhandling-post-put-and-delete-with-fetch-api[0;1m ---[m
[[1;34mINFO[m] Nothing to compile - all classes are up to date.
[[1;34mINFO[m] 
[[1;34mINFO[m] [1m<<< [0;32mspring-boot-maven-plugin:3.3.5:run[m [1m(default-cli)[0;1m < [0;1mtest-compile[m @ [36mhandling-post-put-and-delete-with-fetch-api[0;1m <<<[m
[[1;34mINFO[m] 
[[1;34mINFO[m] 
[[1;34mINFO[m] [1m--- [0;32mspring-boot-maven-plugin:3.3.5:run[m [1m(default-cli)[m @ [36mhandling-post-put-and-delete-with-fetch-api[0;1m ---[m
[[1;34mINFO[m] Attaching agents: []

  .   ____          _            __ _ _
 /\\ / ___'_ __ _ _(_)_ __  __ _ \ \ \ \
( ( )\___ | '_ | '_| | '_ \/ _` | \ \ \ \
 \\/  ___)| |_)| | | | | || (_| |  ) ) ) )
  '  |____| .__|_| |_|_| |_\__, | / / / /
 =========|_|==============|___/=/_/_/_/

 :: Spring Boot ::                (v3.3.5)

2024-11-29T19:13:49.661Z  INFO 5174 --- [crud-operation-on-shopping-cart] [  restartedMain] c.e.crud.shopping.cart.Application       : Starting Application using Java 21.0.4 with PID 5174 (/home/coder/coursera/IdeaProjects/crud-operation-on-shopping-cart/target/classes started by coder in /home/coder/coursera/IdeaProjects/crud-operation-on-shopping-cart)
2024-11-29T19:13:49.663Z  INFO 5174 --- [crud-operation-on-shopping-cart] [  restartedMain] c.e.crud.shopping.cart.Application       : No active profile set, falling back to 1 default profile: "default"
2024-11-29T19:13:49.726Z  INFO 5174 --- [crud-operation-on-shopping-cart] [  restartedMain] .e.DevToolsPropertyDefaultsPostProcessor : Devtools property defaults active! Set 'spring.devtools.add-properties' to 'false' to disable
2024-11-29T19:13:49.726Z  INFO 5174 --- [crud-operation-on-shopping-cart] [  restartedMain] .e.DevToolsPropertyDefaultsPostProcessor : For additional web related logging consider setting the 'logging.level.web' property to 'DEBUG'
2024-11-29T19:13:50.513Z  INFO 5174 --- [crud-operation-on-shopping-cart] [  restartedMain] .s.d.r.c.RepositoryConfigurationDelegate : Bootstrapping Spring Data JPA repositories in DEFAULT mode.
2024-11-29T19:13:50.557Z  INFO 5174 --- [crud-operation-on-shopping-cart] [  restartedMain] .s.d.r.c.RepositoryConfigurationDelegate : Finished Spring Data repository scanning in 38 ms. Found 1 JPA repository interface.
2024-11-29T19:13:51.168Z  INFO 5174 --- [crud-operation-on-shopping-cart] [  restartedMain] o.s.b.w.embedded.tomcat.TomcatWebServer  : Tomcat initialized with port 8080 (http)
2024-11-29T19:13:51.181Z  INFO 5174 --- [crud-operation-on-shopping-cart] [  restartedMain] o.apache.catalina.core.StandardService   : Starting service [Tomcat]
2024-11-29T19:13:51.181Z  INFO 5174 --- [crud-operation-on-shopping-cart] [  restartedMain] o.apache.catalina.core.StandardEngine    : Starting Servlet engine: [Apache Tomcat/10.1.31]
2024-11-29T19:13:51.214Z  INFO 5174 --- [crud-operation-on-shopping-cart] [  restartedMain] o.a.c.c.C.[Tomcat].[localhost].[/]       : Initializing Spring embedded WebApplicationContext
2024-11-29T19:13:51.215Z  INFO 5174 --- [crud-operation-on-shopping-cart] [  restartedMain] w.s.c.ServletWebServerApplicationContext : Root WebApplicationContext: initialization completed in 1488 ms
2024-11-29T19:13:51.467Z  INFO 5174 --- [crud-operation-on-shopping-cart] [  restartedMain] o.hibernate.jpa.internal.util.LogHelper  : HHH000204: Processing PersistenceUnitInfo [name: default]
2024-11-29T19:13:51.508Z  INFO 5174 --- [crud-operation-on-shopping-cart] [  restartedMain] org.hibernate.Version                    : HHH000412: Hibernate ORM core version 6.5.3.Final
2024-11-29T19:13:51.533Z  INFO 5174 --- [crud-operation-on-shopping-cart] [  restartedMain] o.h.c.internal.RegionFactoryInitiator    : HHH000026: Second-level cache disabled
2024-11-29T19:13:51.787Z  INFO 5174 --- [crud-operation-on-shopping-cart] [  restartedMain] o.s.o.j.p.SpringPersistenceUnitInfo      : No LoadTimeWeaver setup: ignoring JPA class transformer
2024-11-29T19:13:51.812Z  INFO 5174 --- [crud-operation-on-shopping-cart] [  restartedMain] com.zaxxer.hikari.HikariDataSource       : HikariPool-1 - Starting...
2024-11-29T19:13:52.103Z  INFO 5174 --- [crud-operation-on-shopping-cart] [  restartedMain] com.zaxxer.hikari.pool.HikariPool        : HikariPool-1 - Added connection com.mysql.cj.jdbc.ConnectionImpl@785a857d
2024-11-29T19:13:52.104Z  INFO 5174 --- [crud-operation-on-shopping-cart] [  restartedMain] com.zaxxer.hikari.HikariDataSource       : HikariPool-1 - Start completed.
2024-11-29T19:13:52.828Z  INFO 5174 --- [crud-operation-on-shopping-cart] [  restartedMain] o.h.e.t.j.p.i.JtaPlatformInitiator       : HHH000489: No JTA platform available (set 'hibernate.transaction.jta.platform' to enable JTA platform integration)
2024-11-29T19:13:52.866Z  INFO 5174 --- [crud-operation-on-shopping-cart] [  restartedMain] j.LocalContainerEntityManagerFactoryBean : Initialized JPA EntityManagerFactory for persistence unit 'default'
2024-11-29T19:13:53.706Z  INFO 5174 --- [crud-operation-on-shopping-cart] [  restartedMain] o.s.b.d.a.OptionalLiveReloadServer       : LiveReload server is running on port 35729
2024-11-29T19:13:53.717Z  INFO 5174 --- [crud-operation-on-shopping-cart] [  restartedMain] o.s.b.a.e.web.EndpointLinksResolver      : Exposing 1 endpoint beneath base path '/actuator'
2024-11-29T19:13:53.782Z  INFO 5174 --- [crud-operation-on-shopping-cart] [  restartedMain] o.s.b.w.embedded.tomcat.TomcatWebServer  : Tomcat started on port 8080 (http) with context path '/'
2024-11-29T19:13:53.794Z  INFO 5174 --- [crud-operation-on-shopping-cart] [  restartedMain] c.e.crud.shopping.cart.Application       : Started Application in 4.434 seconds (process running for 4.746)
2024-11-29T19:13:56.773Z  INFO 5174 --- [crud-operation-on-shopping-cart] [nio-8080-exec-1] o.a.c.c.C.[Tomcat].[localhost].[/]       : Initializing Spring DispatcherServlet 'dispatcherServlet'
2024-11-29T19:13:56.773Z  INFO 5174 --- [crud-operation-on-shopping-cart] [nio-8080-exec-1] o.s.web.servlet.DispatcherServlet        : Initializing Servlet 'dispatcherServlet'
2024-11-29T19:13:56.775Z  INFO 5174 --- [crud-operation-on-shopping-cart] [nio-8080-exec-1] o.s.web.servlet.DispatcherServlet        : Completed initialization in 1 ms
